<?xml version="1.0" encoding="UTF-8"?>
<!-- Generated by org.testng.reporters.JUnitXMLReporter -->
<testsuite ignored="0" hostname="LAPTOP-POGUVL90" failures="0" tests="5" name="Default test" time="0.06" errors="0" timestamp="2022-04-06T16:43:55 IST">
  <testcase classname="groupinginTestNG.TestNGgrouping_study" name="TC1" time="0.007"/>
  <testcase classname="groupinginTestNG.TestNGgrouping_study" name="TC2" time="0.002"/>
  <testcase classname="groupinginTestNG.TestNGgrouping_study" name="TC3" time="0.001"/>
  <testcase classname="groupinginTestNG.TestNGgrouping_study" name="TC4" time="0.001"/>
  <testcase classname="groupinginTestNG.TestNGgrouping_study" name="TC5" time="0.002"/>
</testsuite> <!-- Default test -->
