<?xml version="1.0" encoding="UTF-8"?>
<!-- Generated by org.testng.reporters.JUnitXMLReporter -->
<testsuite ignored="3" hostname="LAPTOP-POGUVL90" failures="0" tests="2" name="myxml" time="0.034" errors="0" timestamp="2022-03-22T11:37:51 IST">
  <testcase classname="testNGxmlstudy.Myxmlclass" name="TC1" time="0.008"/>
  <testcase classname="testNGxmlstudy.Myxmlclass" name="TC4" time="0.001"/>
  <testcase classname="testNGxmlstudy.Myxmlclass" name="TC5" time="0.0">
    <ignored/>
  </testcase> <!-- TC5 -->
  <testcase classname="testNGxmlstudy.Myxmlclass" name="TC2" time="0.0">
    <ignored/>
  </testcase> <!-- TC2 -->
  <testcase classname="testNGxmlstudy.Myxmlclass" name="TC3" time="0.0">
    <ignored/>
  </testcase> <!-- TC3 -->
</testsuite> <!-- myxml -->
