<?xml version="1.0" encoding="UTF-8"?>
<!-- Generated by org.testng.reporters.JUnitXMLReporter -->
<testsuite ignored="3" hostname="LAPTOP-POGUVL90" failures="0" tests="2" name="Test" time="0.043" errors="0" timestamp="2022-04-06T16:44:35 IST">
  <testcase classname="groupinginTestNG.TestNGgrouping_study" name="TC1" time="0.007"/>
  <testcase classname="groupinginTestNG.TestNGgrouping_study" name="TC4" time="0.001"/>
  <testcase classname="groupinginTestNG.TestNGgrouping_study" name="TC2" time="0.0">
    <ignored/>
  </testcase> <!-- TC2 -->
  <testcase classname="groupinginTestNG.TestNGgrouping_study" name="TC3" time="0.0">
    <ignored/>
  </testcase> <!-- TC3 -->
  <testcase classname="groupinginTestNG.TestNGgrouping_study" name="TC5" time="0.0">
    <ignored/>
  </testcase> <!-- TC5 -->
</testsuite> <!-- Test -->
