<?xml version="1.0" encoding="UTF-8"?>
<!-- Generated by org.testng.reporters.JUnitXMLReporter -->
<testsuite ignored="4" hostname="LAPTOP-POGUVL90" failures="0" tests="1" name="Default test(failed)(failed)" time="0.154" errors="0" timestamp="2022-03-27T09:47:24 IST">
  <testcase classname="failedinTestNG.Failedclass1" name="TC2" time="0.121"/>
  <testcase classname="failedinTestNG.Failedclass1" name="TC1" time="0.0">
    <ignored/>
  </testcase> <!-- TC1 -->
  <testcase classname="failedinTestNG.Failedclass1" name="TC3" time="0.0">
    <ignored/>
  </testcase> <!-- TC3 -->
  <testcase classname="failedinTestNG.Failedclass1" name="TC4" time="0.0">
    <ignored/>
  </testcase> <!-- TC4 -->
  <testcase classname="failedinTestNG.Failedclass1" name="TC5" time="0.0">
    <ignored/>
  </testcase> <!-- TC5 -->
</testsuite> <!-- Default test(failed)(failed) -->
