<?xml version="1.0" encoding="UTF-8"?>
<testng-results ignored="3" total="5" passed="2" failed="0" skipped="0">
  <reporter-output>
    <line>
      <![CDATA[Running TC1]]>
    </line>
    <line>
      <![CDATA[Running TC4]]>
    </line>
  </reporter-output>
  <suite started-at="2022-04-06T16:44:35 IST" name="Suite" finished-at="2022-04-06T16:44:35 IST" duration-ms="43">
    <groups>
      <group name="regression">
        <method signature="TestNGgrouping_study.TC1()[pri:0, instance:groupinginTestNG.TestNGgrouping_study@4fb61f4a]" name="TC1" class="groupinginTestNG.TestNGgrouping_study"/>
        <method signature="TestNGgrouping_study.TC4()[pri:0, instance:groupinginTestNG.TestNGgrouping_study@4fb61f4a]" name="TC4" class="groupinginTestNG.TestNGgrouping_study"/>
      </group> <!-- regression -->
    </groups>
    <test started-at="2022-04-06T16:44:35 IST" name="Test" finished-at="2022-04-06T16:44:35 IST" duration-ms="43">
      <class name="groupinginTestNG.TestNGgrouping_study">
        <test-method signature="TC1()[pri:0, instance:groupinginTestNG.TestNGgrouping_study@4fb61f4a]" started-at="2022-04-06T16:44:35 IST" name="TC1" finished-at="2022-04-06T16:44:35 IST" duration-ms="7" status="PASS">
          <reporter-output>
            <line>
              <![CDATA[Running TC1]]>
            </line>
          </reporter-output>
        </test-method> <!-- TC1 -->
        <test-method signature="TC4()[pri:0, instance:groupinginTestNG.TestNGgrouping_study@4fb61f4a]" started-at="2022-04-06T16:44:35 IST" name="TC4" finished-at="2022-04-06T16:44:35 IST" duration-ms="1" status="PASS">
          <reporter-output>
            <line>
              <![CDATA[Running TC4]]>
            </line>
          </reporter-output>
        </test-method> <!-- TC4 -->
      </class> <!-- groupinginTestNG.TestNGgrouping_study -->
    </test> <!-- Test -->
  </suite> <!-- Suite -->
</testng-results>
